<?xml version="1.0" encoding="UTF-8"?>
<!-- Generated by org.testng.reporters.JUnitReportReporter -->
<testsuite name="Tests.ActiveSessionPageTests" tests="1" time="180.201" ignored="0" failures="0" timestamp="02 Aug 2017 20:51:31 GMT" skipped="0" hostname="Jamess-MacBook-Pro-2.local" errors="0">
  <testcase name="DieselYoungerThan2015Test" time="180.201" classname="Tests.ActiveSessionPageTests"/>
</testsuite> <!-- Tests.ActiveSessionPageTests -->
