<?xml version="1.0" encoding="UTF-8"?>
<!-- Generated by org.testng.reporters.JUnitReportReporter -->
<testsuite name="Tests.FAQPageTests" tests="1" time="58.204" ignored="0" failures="0" timestamp="13 Jul 2017 17:17:24 GMT" skipped="0" hostname="QMs-MacBook-Pro" errors="0">
  <testcase name="FAQNavTest" time="58.204" classname="Tests.FAQPageTests"/>
</testsuite> <!-- Tests.FAQPageTests -->
