<?xml version="1.0" encoding="UTF-8"?>
<!-- Generated by org.testng.reporters.JUnitReportReporter -->
<testsuite name="Tests.VehiclesPageTests" tests="1" time="107.682" ignored="0" failures="0" timestamp="03 Aug 2017 20:10:56 GMT" skipped="0" hostname="QMs-MacBook-Pro" errors="0">
  <testcase name="CheckVehiclesPageForExceptions" time="107.682" classname="Tests.VehiclesPageTests"/>
</testsuite> <!-- Tests.VehiclesPageTests -->
