<?xml version="1.0" encoding="UTF-8"?>
<!-- Generated by org.testng.reporters.JUnitReportReporter -->
<testsuite name="Tests.HelpPageTests" tests="3" time="154.312" ignored="4" failures="0" timestamp="03 Aug 2017 15:36:40 GMT" skipped="0" hostname="QMs-MacBook-Pro" errors="0">
  <testcase name="HelpNavTest" time="35.213" classname="Tests.HelpPageTests"/>
  <testcase name="TutorialSwipeTest" time="102.921" classname="Tests.HelpPageTests"/>
  <testcase name="CloseHelpTest" time="16.178" classname="Tests.HelpPageTests"/>
  <testcase name="tearDownAppium" classname="Tests.AbstractBaseTests.TestBase">
    <skipped/>
  </testcase> <!-- tearDownAppium -->
  <testcase name="tearDownAppium" classname="Tests.AbstractBaseTests.TestBase">
    <skipped/>
  </testcase> <!-- tearDownAppium -->
  <testcase name="initAppium" classname="Tests.AbstractBaseTests.TestBase">
    <skipped/>
  </testcase> <!-- initAppium -->
  <testcase name="initAppium" classname="Tests.AbstractBaseTests.TestBase">
    <skipped/>
  </testcase> <!-- initAppium -->
</testsuite> <!-- Tests.HelpPageTests -->
