<?xml version="1.0" encoding="UTF-8"?>
<!-- Generated by org.testng.reporters.JUnitReportReporter -->
<testsuite name="Tests.MobileVerPageTests" tests="2" time="134.039" ignored="8" failures="0" timestamp="25 Jul 2017 21:16:07 GMT" skipped="0" hostname="QMs-MacBook-Pro" errors="0">
  <testcase name="CheckMobileVerPageForExceptions" time="50.142" classname="Tests.MobileVerPageTests"/>
  <testcase name="InputTests" time="83.897" classname="Tests.MobileVerPageTests"/>
  <testcase name="tearDownAppium" classname="Tests.AbstractBaseTests.TestBase">
    <skipped/>
  </testcase> <!-- tearDownAppium -->
  <testcase name="tearDownAppium" classname="Tests.AbstractBaseTests.TestBase">
    <skipped/>
  </testcase> <!-- tearDownAppium -->
  <testcase name="tearDownAppium" classname="Tests.AbstractBaseTests.TestBase">
    <skipped/>
  </testcase> <!-- tearDownAppium -->
  <testcase name="tearDownAppium" classname="Tests.AbstractBaseTests.TestBase">
    <skipped/>
  </testcase> <!-- tearDownAppium -->
  <testcase name="initAppium" classname="Tests.AbstractBaseTests.TestBase">
    <skipped/>
  </testcase> <!-- initAppium -->
  <testcase name="initAppium" classname="Tests.AbstractBaseTests.TestBase">
    <skipped/>
  </testcase> <!-- initAppium -->
  <testcase name="initAppium" classname="Tests.AbstractBaseTests.TestBase">
    <skipped/>
  </testcase> <!-- initAppium -->
  <testcase name="initAppium" classname="Tests.AbstractBaseTests.TestBase">
    <skipped/>
  </testcase> <!-- initAppium -->
</testsuite> <!-- Tests.MobileVerPageTests -->
