<?xml version="1.0" encoding="UTF-8"?>
<!-- Generated by org.testng.reporters.JUnitReportReporter -->
<testsuite name="Tests.HelpPageTests" tests="3" time="241.742" ignored="36" failures="0" timestamp="04 Aug 2017 20:21:51 GMT" skipped="0" hostname="Jamess-MacBook-Pro-2.local" errors="0">
  <testcase name="CloseHelpTest" time="16.996" classname="Tests.HelpPageTests"/>
  <testcase name="HelpNavTest" time="47.462" classname="Tests.HelpPageTests"/>
  <testcase name="TutorialSwipeTest" time="177.284" classname="Tests.HelpPageTests"/>
  <testcase name="tearDownAppium" classname="Tests.AbstractBaseTests.TestBase">
    <skipped/>
  </testcase> <!-- tearDownAppium -->
  <testcase name="tearDownAppium" classname="Tests.AbstractBaseTests.TestBase">
    <skipped/>
  </testcase> <!-- tearDownAppium -->
  <testcase name="tearDownAppium" classname="Tests.AbstractBaseTests.TestBase">
    <skipped/>
  </testcase> <!-- tearDownAppium -->
  <testcase name="tearDownAppium" classname="Tests.AbstractBaseTests.TestBase">
    <skipped/>
  </testcase> <!-- tearDownAppium -->
  <testcase name="tearDownAppium" classname="Tests.AbstractBaseTests.TestBase">
    <skipped/>
  </testcase> <!-- tearDownAppium -->
  <testcase name="tearDownAppium" classname="Tests.AbstractBaseTests.TestBase">
    <skipped/>
  </testcase> <!-- tearDownAppium -->
  <testcase name="tearDownAppium" classname="Tests.AbstractBaseTests.TestBase">
    <skipped/>
  </testcase> <!-- tearDownAppium -->
  <testcase name="tearDownAppium" classname="Tests.AbstractBaseTests.TestBase">
    <skipped/>
  </testcase> <!-- tearDownAppium -->
  <testcase name="tearDownAppium" classname="Tests.AbstractBaseTests.TestBase">
    <skipped/>
  </testcase> <!-- tearDownAppium -->
  <testcase name="tearDownAppium" classname="Tests.AbstractBaseTests.TestBase">
    <skipped/>
  </testcase> <!-- tearDownAppium -->
  <testcase name="tearDownAppium" classname="Tests.AbstractBaseTests.TestBase">
    <skipped/>
  </testcase> <!-- tearDownAppium -->
  <testcase name="tearDownAppium" classname="Tests.AbstractBaseTests.TestBase">
    <skipped/>
  </testcase> <!-- tearDownAppium -->
  <testcase name="tearDownAppium" classname="Tests.AbstractBaseTests.TestBase">
    <skipped/>
  </testcase> <!-- tearDownAppium -->
  <testcase name="tearDownAppium" classname="Tests.AbstractBaseTests.TestBase">
    <skipped/>
  </testcase> <!-- tearDownAppium -->
  <testcase name="tearDownAppium" classname="Tests.AbstractBaseTests.TestBase">
    <skipped/>
  </testcase> <!-- tearDownAppium -->
  <testcase name="tearDownAppium" classname="Tests.AbstractBaseTests.TestBase">
    <skipped/>
  </testcase> <!-- tearDownAppium -->
  <testcase name="tearDownAppium" classname="Tests.AbstractBaseTests.TestBase">
    <skipped/>
  </testcase> <!-- tearDownAppium -->
  <testcase name="tearDownAppium" classname="Tests.AbstractBaseTests.TestBase">
    <skipped/>
  </testcase> <!-- tearDownAppium -->
  <testcase name="initAppium" classname="Tests.AbstractBaseTests.TestBase">
    <skipped/>
  </testcase> <!-- initAppium -->
  <testcase name="initAppium" classname="Tests.AbstractBaseTests.TestBase">
    <skipped/>
  </testcase> <!-- initAppium -->
  <testcase name="initAppium" classname="Tests.AbstractBaseTests.TestBase">
    <skipped/>
  </testcase> <!-- initAppium -->
  <testcase name="initAppium" classname="Tests.AbstractBaseTests.TestBase">
    <skipped/>
  </testcase> <!-- initAppium -->
  <testcase name="initAppium" classname="Tests.AbstractBaseTests.TestBase">
    <skipped/>
  </testcase> <!-- initAppium -->
  <testcase name="initAppium" classname="Tests.AbstractBaseTests.TestBase">
    <skipped/>
  </testcase> <!-- initAppium -->
  <testcase name="initAppium" classname="Tests.AbstractBaseTests.TestBase">
    <skipped/>
  </testcase> <!-- initAppium -->
  <testcase name="initAppium" classname="Tests.AbstractBaseTests.TestBase">
    <skipped/>
  </testcase> <!-- initAppium -->
  <testcase name="initAppium" classname="Tests.AbstractBaseTests.TestBase">
    <skipped/>
  </testcase> <!-- initAppium -->
  <testcase name="initAppium" classname="Tests.AbstractBaseTests.TestBase">
    <skipped/>
  </testcase> <!-- initAppium -->
  <testcase name="initAppium" classname="Tests.AbstractBaseTests.TestBase">
    <skipped/>
  </testcase> <!-- initAppium -->
  <testcase name="initAppium" classname="Tests.AbstractBaseTests.TestBase">
    <skipped/>
  </testcase> <!-- initAppium -->
  <testcase name="initAppium" classname="Tests.AbstractBaseTests.TestBase">
    <skipped/>
  </testcase> <!-- initAppium -->
  <testcase name="initAppium" classname="Tests.AbstractBaseTests.TestBase">
    <skipped/>
  </testcase> <!-- initAppium -->
  <testcase name="initAppium" classname="Tests.AbstractBaseTests.TestBase">
    <skipped/>
  </testcase> <!-- initAppium -->
  <testcase name="initAppium" classname="Tests.AbstractBaseTests.TestBase">
    <skipped/>
  </testcase> <!-- initAppium -->
  <testcase name="initAppium" classname="Tests.AbstractBaseTests.TestBase">
    <skipped/>
  </testcase> <!-- initAppium -->
  <testcase name="initAppium" classname="Tests.AbstractBaseTests.TestBase">
    <skipped/>
  </testcase> <!-- initAppium -->
</testsuite> <!-- Tests.HelpPageTests -->
