<?xml version="1.0" encoding="UTF-8"?>
<!-- Generated by org.testng.reporters.JUnitReportReporter -->
<testsuite name="Tests.HelpPageTests" tests="2" time="101.759" ignored="0" failures="0" timestamp="18 Jul 2017 22:05:01 GMT" skipped="0" hostname="QMs-MacBook-Pro" errors="0">
  <testcase name="CloseHelpTest" time="22.964" classname="Tests.HelpPageTests"/>
  <testcase name="MenuTrayHelpNavTest" time="78.795" classname="Tests.HelpPageTests"/>
</testsuite> <!-- Tests.HelpPageTests -->
