<?xml version="1.0" encoding="UTF-8"?>
<!-- Generated by org.testng.reporters.JUnitReportReporter -->
<testsuite name="Tests.PINPageTests" tests="1" time="110.409" ignored="2" failures="0" timestamp="29 Jul 2017 17:46:48 GMT" skipped="0" hostname="QMs-MacBook-Pro" errors="0">
  <testcase name="CheckSecureLoginForExceptionsAndSendDataTests" time="110.409" classname="Tests.PINPageTests"/>
  <testcase name="tearDownAppium" classname="Tests.AbstractBaseTests.TestBase">
    <skipped/>
  </testcase> <!-- tearDownAppium -->
  <testcase name="initAppium" classname="Tests.AbstractBaseTests.TestBase">
    <skipped/>
  </testcase> <!-- initAppium -->
</testsuite> <!-- Tests.PINPageTests -->
