<?xml version="1.0" encoding="UTF-8"?>
<!-- Generated by org.testng.reporters.JUnitReportReporter -->
<testsuite name="Tests.FindParkingPageTests" tests="7" time="76.919" ignored="0" failures="0" timestamp="25 Jul 2017 20:38:14 GMT" skipped="0" hostname="QMs-MacBook-Pro" errors="5">
  <testcase name="tearDownAppium" time="0.000" classname="Tests.FindParkingPageTests">
    <error type="org.openqa.selenium.NoSuchSessionException" message="A session is either terminated or not started (WARNING: The server did not provide any stacktrace information)
Command duration or timeout: 7 milliseconds
Build info: version: &#039;3.2.0&#039;, revision: &#039;8c03df6b79&#039;, time: &#039;2017-02-23 10:51:31 +0000&#039;
System info: host: &#039;QMs-MacBook-Pro&#039;, ip: &#039;fe80:0:0:0:aebc:32ff:fe92:c889%en0&#039;, os.name: &#039;Mac OS X&#039;, os.arch: &#039;x86_64&#039;, os.version: &#039;10.10.5&#039;, java.version: &#039;1.8.0_131&#039;
Driver info: io.appium.java_client.AppiumDriver
Capabilities [{app=/Users/yuliyajus/Downloads/ParkRight-staging.apk, appPackage=com.parkopedia.parkright, networkConnectionEnabled=true, warnings={}, appWaitPackage=com.parkopedia.parkright, appWaitActivity=com.parkopedia.parkright.ParkRightApp, databaseEnabled=false, deviceName=emulator-5554, platform=LINUX, deviceUDID=emulator-5554, appActivity=com.parkopedia.parkright.ParkRightApp, desired={app=/Users/yuliyajus/Downloads/ParkRight-staging.apk, appPackage=com.parkopedia.parkright, appActivity=com.parkopedia.parkright.ParkRightApp, platformVersion=5.1, automationName=Appium, appWaitPackage=com.parkopedia.parkright, appWaitActivity=com.parkopedia.parkright.ParkRightApp, platformName=Android, deviceName=Yuliya}, platformVersion=5.1.1, webStorageEnabled=false, locationContextEnabled=false, automationName=Appium, takesScreenshot=true, javascriptEnabled=true, platformName=Android}]
Session ID: 2e4c4599-d098-43e0-8a5a-ca8275d7193f">
      <![CDATA[org.openqa.selenium.NoSuchSessionException: A session is either terminated or not started (WARNING: The server did not provide any stacktrace information)
Command duration or timeout: 7 milliseconds
Build info: version: '3.2.0', revision: '8c03df6b79', time: '2017-02-23 10:51:31 +0000'
System info: host: 'QMs-MacBook-Pro', ip: 'fe80:0:0:0:aebc:32ff:fe92:c889%en0', os.name: 'Mac OS X', os.arch: 'x86_64', os.version: '10.10.5', java.version: '1.8.0_131'
Driver info: io.appium.java_client.AppiumDriver
Capabilities [{app=/Users/yuliyajus/Downloads/ParkRight-staging.apk, appPackage=com.parkopedia.parkright, networkConnectionEnabled=true, warnings={}, appWaitPackage=com.parkopedia.parkright, appWaitActivity=com.parkopedia.parkright.ParkRightApp, databaseEnabled=false, deviceName=emulator-5554, platform=LINUX, deviceUDID=emulator-5554, appActivity=com.parkopedia.parkright.ParkRightApp, desired={app=/Users/yuliyajus/Downloads/ParkRight-staging.apk, appPackage=com.parkopedia.parkright, appActivity=com.parkopedia.parkright.ParkRightApp, platformVersion=5.1, automationName=Appium, appWaitPackage=com.parkopedia.parkright, appWaitActivity=com.parkopedia.parkright.ParkRightApp, platformName=Android, deviceName=Yuliya}, platformVersion=5.1.1, webStorageEnabled=false, locationContextEnabled=false, automationName=Appium, takesScreenshot=true, javascriptEnabled=true, platformName=Android}]
Session ID: 2e4c4599-d098-43e0-8a5a-ca8275d7193f
	at sun.reflect.NativeConstructorAccessorImpl.newInstance0(Native Method)
	at sun.reflect.NativeConstructorAccessorImpl.newInstance(NativeConstructorAccessorImpl.java:62)
	at sun.reflect.DelegatingConstructorAccessorImpl.newInstance(DelegatingConstructorAccessorImpl.java:45)
	at java.lang.reflect.Constructor.newInstance(Constructor.java:423)
	at org.openqa.selenium.remote.ErrorHandler.createThrowable(ErrorHandler.java:216)
	at org.openqa.selenium.remote.ErrorHandler.throwIfResponseFailed(ErrorHandler.java:168)
	at org.openqa.selenium.remote.RemoteWebDriver.execute(RemoteWebDriver.java:638)
	at io.appium.java_client.DefaultGenericMobileDriver.execute(DefaultGenericMobileDriver.java:46)
	at io.appium.java_client.AppiumDriver.execute(AppiumDriver.java:1)
	at org.openqa.selenium.remote.RemoteWebDriver.quit(RemoteWebDriver.java:500)
	at Tests.AbstractBaseTests.TestBase.tearDownAppium(TestBase.java:120)
	at sun.reflect.NativeMethodAccessorImpl.invoke0(Native Method)
	at sun.reflect.NativeMethodAccessorImpl.invoke(NativeMethodAccessorImpl.java:62)
	at sun.reflect.DelegatingMethodAccessorImpl.invoke(DelegatingMethodAccessorImpl.java:43)
	at java.lang.reflect.Method.invoke(Method.java:498)
	at org.testng.internal.MethodInvocationHelper.invokeMethod(MethodInvocationHelper.java:104)
	at org.testng.internal.Invoker.invokeConfigurationMethod(Invoker.java:515)
	at org.testng.internal.Invoker.invokeConfigurations(Invoker.java:217)
	at org.testng.internal.Invoker.invokeConfigurations(Invoker.java:144)
	at org.testng.SuiteRunner.privateRun(SuiteRunner.java:357)
	at org.testng.SuiteRunner.run(SuiteRunner.java:289)
	at org.testng.SuiteRunnerWorker.runSuite(SuiteRunnerWorker.java:52)
	at org.testng.SuiteRunnerWorker.run(SuiteRunnerWorker.java:86)
	at org.testng.TestNG.runSuitesSequentially(TestNG.java:1293)
	at org.testng.TestNG.runSuitesLocally(TestNG.java:1218)
	at org.testng.TestNG.runSuites(TestNG.java:1133)
	at org.testng.TestNG.run(TestNG.java:1104)
	at org.testng.remote.AbstractRemoteTestNG.run(AbstractRemoteTestNG.java:132)
	at org.testng.remote.RemoteTestNG.initAndRun(RemoteTestNG.java:230)
	at org.testng.remote.RemoteTestNG.main(RemoteTestNG.java:76)
]]>
    </error>
  </testcase> <!-- tearDownAppium -->
  <testcase name="ZoneTest2" time="0.009" classname="Tests.FindParkingPageTests">
    <error type="org.openqa.selenium.NoSuchSessionException" message="A session is either terminated or not started (WARNING: The server did not provide any stacktrace information)
Command duration or timeout: 7 milliseconds
Build info: version: &#039;3.2.0&#039;, revision: &#039;8c03df6b79&#039;, time: &#039;2017-02-23 10:51:31 +0000&#039;
System info: host: &#039;QMs-MacBook-Pro&#039;, ip: &#039;fe80:0:0:0:aebc:32ff:fe92:c889%en0&#039;, os.name: &#039;Mac OS X&#039;, os.arch: &#039;x86_64&#039;, os.version: &#039;10.10.5&#039;, java.version: &#039;1.8.0_131&#039;
Driver info: io.appium.java_client.AppiumDriver
Capabilities [{app=/Users/yuliyajus/Downloads/ParkRight-staging.apk, appPackage=com.parkopedia.parkright, networkConnectionEnabled=true, warnings={}, appWaitPackage=com.parkopedia.parkright, appWaitActivity=com.parkopedia.parkright.ParkRightApp, databaseEnabled=false, deviceName=emulator-5554, platform=LINUX, deviceUDID=emulator-5554, appActivity=com.parkopedia.parkright.ParkRightApp, desired={app=/Users/yuliyajus/Downloads/ParkRight-staging.apk, appPackage=com.parkopedia.parkright, appActivity=com.parkopedia.parkright.ParkRightApp, platformVersion=5.1, automationName=Appium, appWaitPackage=com.parkopedia.parkright, appWaitActivity=com.parkopedia.parkright.ParkRightApp, platformName=Android, deviceName=Yuliya}, platformVersion=5.1.1, webStorageEnabled=false, locationContextEnabled=false, automationName=Appium, takesScreenshot=true, javascriptEnabled=true, platformName=Android}]
Session ID: 2e4c4599-d098-43e0-8a5a-ca8275d7193f">
      <![CDATA[org.openqa.selenium.NoSuchSessionException: A session is either terminated or not started (WARNING: The server did not provide any stacktrace information)
Command duration or timeout: 7 milliseconds
Build info: version: '3.2.0', revision: '8c03df6b79', time: '2017-02-23 10:51:31 +0000'
System info: host: 'QMs-MacBook-Pro', ip: 'fe80:0:0:0:aebc:32ff:fe92:c889%en0', os.name: 'Mac OS X', os.arch: 'x86_64', os.version: '10.10.5', java.version: '1.8.0_131'
Driver info: io.appium.java_client.AppiumDriver
Capabilities [{app=/Users/yuliyajus/Downloads/ParkRight-staging.apk, appPackage=com.parkopedia.parkright, networkConnectionEnabled=true, warnings={}, appWaitPackage=com.parkopedia.parkright, appWaitActivity=com.parkopedia.parkright.ParkRightApp, databaseEnabled=false, deviceName=emulator-5554, platform=LINUX, deviceUDID=emulator-5554, appActivity=com.parkopedia.parkright.ParkRightApp, desired={app=/Users/yuliyajus/Downloads/ParkRight-staging.apk, appPackage=com.parkopedia.parkright, appActivity=com.parkopedia.parkright.ParkRightApp, platformVersion=5.1, automationName=Appium, appWaitPackage=com.parkopedia.parkright, appWaitActivity=com.parkopedia.parkright.ParkRightApp, platformName=Android, deviceName=Yuliya}, platformVersion=5.1.1, webStorageEnabled=false, locationContextEnabled=false, automationName=Appium, takesScreenshot=true, javascriptEnabled=true, platformName=Android}]
Session ID: 2e4c4599-d098-43e0-8a5a-ca8275d7193f
	at sun.reflect.NativeConstructorAccessorImpl.newInstance0(Native Method)
	at sun.reflect.NativeConstructorAccessorImpl.newInstance(NativeConstructorAccessorImpl.java:62)
	at sun.reflect.DelegatingConstructorAccessorImpl.newInstance(DelegatingConstructorAccessorImpl.java:45)
	at java.lang.reflect.Constructor.newInstance(Constructor.java:423)
	at org.openqa.selenium.remote.ErrorHandler.createThrowable(ErrorHandler.java:216)
	at org.openqa.selenium.remote.ErrorHandler.throwIfResponseFailed(ErrorHandler.java:168)
	at org.openqa.selenium.remote.RemoteWebDriver.execute(RemoteWebDriver.java:638)
	at io.appium.java_client.DefaultGenericMobileDriver.execute(DefaultGenericMobileDriver.java:46)
	at io.appium.java_client.AppiumDriver.execute(AppiumDriver.java:1)
	at org.openqa.selenium.remote.RemoteWebDriver.getScreenshotAs(RemoteWebDriver.java:343)
	at Pages.BasePage.takeScreenshot(BasePage.java:100)
	at Pages.LandingPage.LandingPageAndroid.navigateToFindLocation(LandingPageAndroid.java:145)
	at Tests.FindParkingPageTests.ZoneTest2(FindParkingPageTests.java:62)
	at sun.reflect.NativeMethodAccessorImpl.invoke0(Native Method)
	at sun.reflect.NativeMethodAccessorImpl.invoke(NativeMethodAccessorImpl.java:62)
	at sun.reflect.DelegatingMethodAccessorImpl.invoke(DelegatingMethodAccessorImpl.java:43)
	at java.lang.reflect.Method.invoke(Method.java:498)
	at org.testng.internal.MethodInvocationHelper.invokeMethod(MethodInvocationHelper.java:104)
	at org.testng.internal.Invoker.invokeMethod(Invoker.java:645)
	at org.testng.internal.Invoker.invokeTestMethod(Invoker.java:851)
	at org.testng.internal.Invoker.invokeTestMethods(Invoker.java:1177)
	at org.testng.internal.TestMethodWorker.invokeTestMethods(TestMethodWorker.java:129)
	at org.testng.internal.TestMethodWorker.run(TestMethodWorker.java:112)
	at org.testng.TestRunner.privateRun(TestRunner.java:756)
	at org.testng.TestRunner.run(TestRunner.java:610)
	at org.testng.SuiteRunner.runTest(SuiteRunner.java:387)
	at org.testng.SuiteRunner.runSequentially(SuiteRunner.java:382)
	at org.testng.SuiteRunner.privateRun(SuiteRunner.java:340)
	at org.testng.SuiteRunner.run(SuiteRunner.java:289)
	at org.testng.SuiteRunnerWorker.runSuite(SuiteRunnerWorker.java:52)
	at org.testng.SuiteRunnerWorker.run(SuiteRunnerWorker.java:86)
	at org.testng.TestNG.runSuitesSequentially(TestNG.java:1293)
	at org.testng.TestNG.runSuitesLocally(TestNG.java:1218)
	at org.testng.TestNG.runSuites(TestNG.java:1133)
	at org.testng.TestNG.run(TestNG.java:1104)
	at org.testng.remote.AbstractRemoteTestNG.run(AbstractRemoteTestNG.java:132)
	at org.testng.remote.RemoteTestNG.initAndRun(RemoteTestNG.java:230)
	at org.testng.remote.RemoteTestNG.main(RemoteTestNG.java:76)
]]>
    </error>
  </testcase> <!-- ZoneTest2 -->
  <testcase name="ZoneIconTest" time="0.047" classname="Tests.FindParkingPageTests">
    <error type="org.openqa.selenium.NoSuchSessionException" message="A session is either terminated or not started (WARNING: The server did not provide any stacktrace information)
Command duration or timeout: 46 milliseconds
Build info: version: &#039;3.2.0&#039;, revision: &#039;8c03df6b79&#039;, time: &#039;2017-02-23 10:51:31 +0000&#039;
System info: host: &#039;QMs-MacBook-Pro&#039;, ip: &#039;fe80:0:0:0:aebc:32ff:fe92:c889%en0&#039;, os.name: &#039;Mac OS X&#039;, os.arch: &#039;x86_64&#039;, os.version: &#039;10.10.5&#039;, java.version: &#039;1.8.0_131&#039;
Driver info: io.appium.java_client.AppiumDriver
Capabilities [{app=/Users/yuliyajus/Downloads/ParkRight-staging.apk, appPackage=com.parkopedia.parkright, networkConnectionEnabled=true, warnings={}, appWaitPackage=com.parkopedia.parkright, appWaitActivity=com.parkopedia.parkright.ParkRightApp, databaseEnabled=false, deviceName=emulator-5554, platform=LINUX, deviceUDID=emulator-5554, appActivity=com.parkopedia.parkright.ParkRightApp, desired={app=/Users/yuliyajus/Downloads/ParkRight-staging.apk, appPackage=com.parkopedia.parkright, appActivity=com.parkopedia.parkright.ParkRightApp, platformVersion=5.1, automationName=Appium, appWaitPackage=com.parkopedia.parkright, appWaitActivity=com.parkopedia.parkright.ParkRightApp, platformName=Android, deviceName=Yuliya}, platformVersion=5.1.1, webStorageEnabled=false, locationContextEnabled=false, automationName=Appium, takesScreenshot=true, javascriptEnabled=true, platformName=Android}]
Session ID: 2e4c4599-d098-43e0-8a5a-ca8275d7193f">
      <![CDATA[org.openqa.selenium.NoSuchSessionException: A session is either terminated or not started (WARNING: The server did not provide any stacktrace information)
Command duration or timeout: 46 milliseconds
Build info: version: '3.2.0', revision: '8c03df6b79', time: '2017-02-23 10:51:31 +0000'
System info: host: 'QMs-MacBook-Pro', ip: 'fe80:0:0:0:aebc:32ff:fe92:c889%en0', os.name: 'Mac OS X', os.arch: 'x86_64', os.version: '10.10.5', java.version: '1.8.0_131'
Driver info: io.appium.java_client.AppiumDriver
Capabilities [{app=/Users/yuliyajus/Downloads/ParkRight-staging.apk, appPackage=com.parkopedia.parkright, networkConnectionEnabled=true, warnings={}, appWaitPackage=com.parkopedia.parkright, appWaitActivity=com.parkopedia.parkright.ParkRightApp, databaseEnabled=false, deviceName=emulator-5554, platform=LINUX, deviceUDID=emulator-5554, appActivity=com.parkopedia.parkright.ParkRightApp, desired={app=/Users/yuliyajus/Downloads/ParkRight-staging.apk, appPackage=com.parkopedia.parkright, appActivity=com.parkopedia.parkright.ParkRightApp, platformVersion=5.1, automationName=Appium, appWaitPackage=com.parkopedia.parkright, appWaitActivity=com.parkopedia.parkright.ParkRightApp, platformName=Android, deviceName=Yuliya}, platformVersion=5.1.1, webStorageEnabled=false, locationContextEnabled=false, automationName=Appium, takesScreenshot=true, javascriptEnabled=true, platformName=Android}]
Session ID: 2e4c4599-d098-43e0-8a5a-ca8275d7193f
	at sun.reflect.NativeConstructorAccessorImpl.newInstance0(Native Method)
	at sun.reflect.NativeConstructorAccessorImpl.newInstance(NativeConstructorAccessorImpl.java:62)
	at sun.reflect.DelegatingConstructorAccessorImpl.newInstance(DelegatingConstructorAccessorImpl.java:45)
	at java.lang.reflect.Constructor.newInstance(Constructor.java:423)
	at org.openqa.selenium.remote.ErrorHandler.createThrowable(ErrorHandler.java:216)
	at org.openqa.selenium.remote.ErrorHandler.throwIfResponseFailed(ErrorHandler.java:168)
	at org.openqa.selenium.remote.RemoteWebDriver.execute(RemoteWebDriver.java:638)
	at io.appium.java_client.DefaultGenericMobileDriver.execute(DefaultGenericMobileDriver.java:46)
	at io.appium.java_client.AppiumDriver.execute(AppiumDriver.java:1)
	at org.openqa.selenium.remote.RemoteWebDriver.getScreenshotAs(RemoteWebDriver.java:343)
	at Pages.BasePage.takeScreenshot(BasePage.java:100)
	at Pages.LandingPage.LandingPageAndroid.navigateToFindLocation(LandingPageAndroid.java:145)
	at Tests.FindParkingPageTests.ZoneIconTest(FindParkingPageTests.java:83)
	at sun.reflect.NativeMethodAccessorImpl.invoke0(Native Method)
	at sun.reflect.NativeMethodAccessorImpl.invoke(NativeMethodAccessorImpl.java:62)
	at sun.reflect.DelegatingMethodAccessorImpl.invoke(DelegatingMethodAccessorImpl.java:43)
	at java.lang.reflect.Method.invoke(Method.java:498)
	at org.testng.internal.MethodInvocationHelper.invokeMethod(MethodInvocationHelper.java:104)
	at org.testng.internal.Invoker.invokeMethod(Invoker.java:645)
	at org.testng.internal.Invoker.invokeTestMethod(Invoker.java:851)
	at org.testng.internal.Invoker.invokeTestMethods(Invoker.java:1177)
	at org.testng.internal.TestMethodWorker.invokeTestMethods(TestMethodWorker.java:129)
	at org.testng.internal.TestMethodWorker.run(TestMethodWorker.java:112)
	at org.testng.TestRunner.privateRun(TestRunner.java:756)
	at org.testng.TestRunner.run(TestRunner.java:610)
	at org.testng.SuiteRunner.runTest(SuiteRunner.java:387)
	at org.testng.SuiteRunner.runSequentially(SuiteRunner.java:382)
	at org.testng.SuiteRunner.privateRun(SuiteRunner.java:340)
	at org.testng.SuiteRunner.run(SuiteRunner.java:289)
	at org.testng.SuiteRunnerWorker.runSuite(SuiteRunnerWorker.java:52)
	at org.testng.SuiteRunnerWorker.run(SuiteRunnerWorker.java:86)
	at org.testng.TestNG.runSuitesSequentially(TestNG.java:1293)
	at org.testng.TestNG.runSuitesLocally(TestNG.java:1218)
	at org.testng.TestNG.runSuites(TestNG.java:1133)
	at org.testng.TestNG.run(TestNG.java:1104)
	at org.testng.remote.AbstractRemoteTestNG.run(AbstractRemoteTestNG.java:132)
	at org.testng.remote.RemoteTestNG.initAndRun(RemoteTestNG.java:230)
	at org.testng.remote.RemoteTestNG.main(RemoteTestNG.java:76)
]]>
    </error>
  </testcase> <!-- ZoneIconTest -->
  <testcase name="NumericValueZoneTest" time="26.501" classname="Tests.FindParkingPageTests">
    <error type="org.openqa.selenium.NoSuchSessionException" message="A session is either terminated or not started (WARNING: The server did not provide any stacktrace information)
Command duration or timeout: 8 milliseconds
Build info: version: &#039;3.2.0&#039;, revision: &#039;8c03df6b79&#039;, time: &#039;2017-02-23 10:51:31 +0000&#039;
System info: host: &#039;QMs-MacBook-Pro&#039;, ip: &#039;fe80:0:0:0:aebc:32ff:fe92:c889%en0&#039;, os.name: &#039;Mac OS X&#039;, os.arch: &#039;x86_64&#039;, os.version: &#039;10.10.5&#039;, java.version: &#039;1.8.0_131&#039;
Driver info: io.appium.java_client.AppiumDriver
Capabilities [{app=/Users/yuliyajus/Downloads/ParkRight-staging.apk, appPackage=com.parkopedia.parkright, networkConnectionEnabled=true, warnings={}, appWaitPackage=com.parkopedia.parkright, appWaitActivity=com.parkopedia.parkright.ParkRightApp, databaseEnabled=false, deviceName=emulator-5554, platform=LINUX, deviceUDID=emulator-5554, appActivity=com.parkopedia.parkright.ParkRightApp, desired={app=/Users/yuliyajus/Downloads/ParkRight-staging.apk, appPackage=com.parkopedia.parkright, appActivity=com.parkopedia.parkright.ParkRightApp, platformVersion=5.1, automationName=Appium, appWaitPackage=com.parkopedia.parkright, appWaitActivity=com.parkopedia.parkright.ParkRightApp, platformName=Android, deviceName=Yuliya}, platformVersion=5.1.1, webStorageEnabled=false, locationContextEnabled=false, automationName=Appium, takesScreenshot=true, javascriptEnabled=true, platformName=Android}]
Session ID: 2e4c4599-d098-43e0-8a5a-ca8275d7193f">
      <![CDATA[org.openqa.selenium.NoSuchSessionException: A session is either terminated or not started (WARNING: The server did not provide any stacktrace information)
Command duration or timeout: 8 milliseconds
Build info: version: '3.2.0', revision: '8c03df6b79', time: '2017-02-23 10:51:31 +0000'
System info: host: 'QMs-MacBook-Pro', ip: 'fe80:0:0:0:aebc:32ff:fe92:c889%en0', os.name: 'Mac OS X', os.arch: 'x86_64', os.version: '10.10.5', java.version: '1.8.0_131'
Driver info: io.appium.java_client.AppiumDriver
Capabilities [{app=/Users/yuliyajus/Downloads/ParkRight-staging.apk, appPackage=com.parkopedia.parkright, networkConnectionEnabled=true, warnings={}, appWaitPackage=com.parkopedia.parkright, appWaitActivity=com.parkopedia.parkright.ParkRightApp, databaseEnabled=false, deviceName=emulator-5554, platform=LINUX, deviceUDID=emulator-5554, appActivity=com.parkopedia.parkright.ParkRightApp, desired={app=/Users/yuliyajus/Downloads/ParkRight-staging.apk, appPackage=com.parkopedia.parkright, appActivity=com.parkopedia.parkright.ParkRightApp, platformVersion=5.1, automationName=Appium, appWaitPackage=com.parkopedia.parkright, appWaitActivity=com.parkopedia.parkright.ParkRightApp, platformName=Android, deviceName=Yuliya}, platformVersion=5.1.1, webStorageEnabled=false, locationContextEnabled=false, automationName=Appium, takesScreenshot=true, javascriptEnabled=true, platformName=Android}]
Session ID: 2e4c4599-d098-43e0-8a5a-ca8275d7193f
	at sun.reflect.NativeConstructorAccessorImpl.newInstance0(Native Method)
	at sun.reflect.NativeConstructorAccessorImpl.newInstance(NativeConstructorAccessorImpl.java:62)
	at sun.reflect.DelegatingConstructorAccessorImpl.newInstance(DelegatingConstructorAccessorImpl.java:45)
	at java.lang.reflect.Constructor.newInstance(Constructor.java:423)
	at org.openqa.selenium.remote.ErrorHandler.createThrowable(ErrorHandler.java:216)
	at org.openqa.selenium.remote.ErrorHandler.throwIfResponseFailed(ErrorHandler.java:168)
	at org.openqa.selenium.remote.RemoteWebDriver.execute(RemoteWebDriver.java:638)
	at io.appium.java_client.DefaultGenericMobileDriver.execute(DefaultGenericMobileDriver.java:42)
	at io.appium.java_client.AppiumDriver.execute(AppiumDriver.java:1)
	at org.openqa.selenium.remote.RemoteWebDriver$RemoteWebDriverOptions$RemoteTimeouts.implicitlyWait(RemoteWebDriver.java:835)
	at io.appium.java_client.pagefactory.AppiumElementLocator.changeImplicitlyWaitTimeOut(AppiumElementLocator.java:81)
	at io.appium.java_client.pagefactory.AppiumElementLocator.waitFor(AppiumElementLocator.java:99)
	at io.appium.java_client.pagefactory.AppiumElementLocator.findElement(AppiumElementLocator.java:112)
	at io.appium.java_client.pagefactory.interceptors.InterceptorOfASingleElement.intercept(InterceptorOfASingleElement.java:61)
	at io.appium.java_client.android.AndroidElement$$EnhancerByCGLIB$$c0b591f0.isDisplayed(<generated>)
	at Pages.FindParkingPage.FindParkingPageAndroid.NumericValueZoneTest(FindParkingPageAndroid.java:132)
	at Tests.FindParkingPageTests.NumericValueZoneTest(FindParkingPageTests.java:70)
	at sun.reflect.NativeMethodAccessorImpl.invoke0(Native Method)
	at sun.reflect.NativeMethodAccessorImpl.invoke(NativeMethodAccessorImpl.java:62)
	at sun.reflect.DelegatingMethodAccessorImpl.invoke(DelegatingMethodAccessorImpl.java:43)
	at java.lang.reflect.Method.invoke(Method.java:498)
	at org.testng.internal.MethodInvocationHelper.invokeMethod(MethodInvocationHelper.java:104)
	at org.testng.internal.Invoker.invokeMethod(Invoker.java:645)
	at org.testng.internal.Invoker.invokeTestMethod(Invoker.java:851)
	at org.testng.internal.Invoker.invokeTestMethods(Invoker.java:1177)
	at org.testng.internal.TestMethodWorker.invokeTestMethods(TestMethodWorker.java:129)
	at org.testng.internal.TestMethodWorker.run(TestMethodWorker.java:112)
	at org.testng.TestRunner.privateRun(TestRunner.java:756)
	at org.testng.TestRunner.run(TestRunner.java:610)
	at org.testng.SuiteRunner.runTest(SuiteRunner.java:387)
	at org.testng.SuiteRunner.runSequentially(SuiteRunner.java:382)
	at org.testng.SuiteRunner.privateRun(SuiteRunner.java:340)
	at org.testng.SuiteRunner.run(SuiteRunner.java:289)
	at org.testng.SuiteRunnerWorker.runSuite(SuiteRunnerWorker.java:52)
	at org.testng.SuiteRunnerWorker.run(SuiteRunnerWorker.java:86)
	at org.testng.TestNG.runSuitesSequentially(TestNG.java:1293)
	at org.testng.TestNG.runSuitesLocally(TestNG.java:1218)
	at org.testng.TestNG.runSuites(TestNG.java:1133)
	at org.testng.TestNG.run(TestNG.java:1104)
	at org.testng.remote.AbstractRemoteTestNG.run(AbstractRemoteTestNG.java:132)
	at org.testng.remote.RemoteTestNG.initAndRun(RemoteTestNG.java:230)
	at org.testng.remote.RemoteTestNG.main(RemoteTestNG.java:76)
]]>
    </error>
  </testcase> <!-- NumericValueZoneTest -->
  <testcase name="CheckFindParkingForExceptions" time="31.401" classname="Tests.FindParkingPageTests"/>
  <testcase name="ZoneTest" time="0.019" classname="Tests.FindParkingPageTests">
    <error type="org.openqa.selenium.NoSuchSessionException" message="A session is either terminated or not started (WARNING: The server did not provide any stacktrace information)
Command duration or timeout: 13 milliseconds
Build info: version: &#039;3.2.0&#039;, revision: &#039;8c03df6b79&#039;, time: &#039;2017-02-23 10:51:31 +0000&#039;
System info: host: &#039;QMs-MacBook-Pro&#039;, ip: &#039;fe80:0:0:0:aebc:32ff:fe92:c889%en0&#039;, os.name: &#039;Mac OS X&#039;, os.arch: &#039;x86_64&#039;, os.version: &#039;10.10.5&#039;, java.version: &#039;1.8.0_131&#039;
Driver info: io.appium.java_client.AppiumDriver
Capabilities [{app=/Users/yuliyajus/Downloads/ParkRight-staging.apk, appPackage=com.parkopedia.parkright, networkConnectionEnabled=true, warnings={}, appWaitPackage=com.parkopedia.parkright, appWaitActivity=com.parkopedia.parkright.ParkRightApp, databaseEnabled=false, deviceName=emulator-5554, platform=LINUX, deviceUDID=emulator-5554, appActivity=com.parkopedia.parkright.ParkRightApp, desired={app=/Users/yuliyajus/Downloads/ParkRight-staging.apk, appPackage=com.parkopedia.parkright, appActivity=com.parkopedia.parkright.ParkRightApp, platformVersion=5.1, automationName=Appium, appWaitPackage=com.parkopedia.parkright, appWaitActivity=com.parkopedia.parkright.ParkRightApp, platformName=Android, deviceName=Yuliya}, platformVersion=5.1.1, webStorageEnabled=false, locationContextEnabled=false, automationName=Appium, takesScreenshot=true, javascriptEnabled=true, platformName=Android}]
Session ID: 2e4c4599-d098-43e0-8a5a-ca8275d7193f">
      <![CDATA[org.openqa.selenium.NoSuchSessionException: A session is either terminated or not started (WARNING: The server did not provide any stacktrace information)
Command duration or timeout: 13 milliseconds
Build info: version: '3.2.0', revision: '8c03df6b79', time: '2017-02-23 10:51:31 +0000'
System info: host: 'QMs-MacBook-Pro', ip: 'fe80:0:0:0:aebc:32ff:fe92:c889%en0', os.name: 'Mac OS X', os.arch: 'x86_64', os.version: '10.10.5', java.version: '1.8.0_131'
Driver info: io.appium.java_client.AppiumDriver
Capabilities [{app=/Users/yuliyajus/Downloads/ParkRight-staging.apk, appPackage=com.parkopedia.parkright, networkConnectionEnabled=true, warnings={}, appWaitPackage=com.parkopedia.parkright, appWaitActivity=com.parkopedia.parkright.ParkRightApp, databaseEnabled=false, deviceName=emulator-5554, platform=LINUX, deviceUDID=emulator-5554, appActivity=com.parkopedia.parkright.ParkRightApp, desired={app=/Users/yuliyajus/Downloads/ParkRight-staging.apk, appPackage=com.parkopedia.parkright, appActivity=com.parkopedia.parkright.ParkRightApp, platformVersion=5.1, automationName=Appium, appWaitPackage=com.parkopedia.parkright, appWaitActivity=com.parkopedia.parkright.ParkRightApp, platformName=Android, deviceName=Yuliya}, platformVersion=5.1.1, webStorageEnabled=false, locationContextEnabled=false, automationName=Appium, takesScreenshot=true, javascriptEnabled=true, platformName=Android}]
Session ID: 2e4c4599-d098-43e0-8a5a-ca8275d7193f
	at sun.reflect.NativeConstructorAccessorImpl.newInstance0(Native Method)
	at sun.reflect.NativeConstructorAccessorImpl.newInstance(NativeConstructorAccessorImpl.java:62)
	at sun.reflect.DelegatingConstructorAccessorImpl.newInstance(DelegatingConstructorAccessorImpl.java:45)
	at java.lang.reflect.Constructor.newInstance(Constructor.java:423)
	at org.openqa.selenium.remote.ErrorHandler.createThrowable(ErrorHandler.java:216)
	at org.openqa.selenium.remote.ErrorHandler.throwIfResponseFailed(ErrorHandler.java:168)
	at org.openqa.selenium.remote.RemoteWebDriver.execute(RemoteWebDriver.java:638)
	at io.appium.java_client.DefaultGenericMobileDriver.execute(DefaultGenericMobileDriver.java:46)
	at io.appium.java_client.AppiumDriver.execute(AppiumDriver.java:1)
	at org.openqa.selenium.remote.RemoteWebDriver.getScreenshotAs(RemoteWebDriver.java:343)
	at Pages.BasePage.takeScreenshot(BasePage.java:100)
	at Pages.LandingPage.LandingPageAndroid.navigateToFindLocation(LandingPageAndroid.java:145)
	at Tests.FindParkingPageTests.ZoneTest(FindParkingPageTests.java:54)
	at sun.reflect.NativeMethodAccessorImpl.invoke0(Native Method)
	at sun.reflect.NativeMethodAccessorImpl.invoke(NativeMethodAccessorImpl.java:62)
	at sun.reflect.DelegatingMethodAccessorImpl.invoke(DelegatingMethodAccessorImpl.java:43)
	at java.lang.reflect.Method.invoke(Method.java:498)
	at org.testng.internal.MethodInvocationHelper.invokeMethod(MethodInvocationHelper.java:104)
	at org.testng.internal.Invoker.invokeMethod(Invoker.java:645)
	at org.testng.internal.Invoker.invokeTestMethod(Invoker.java:851)
	at org.testng.internal.Invoker.invokeTestMethods(Invoker.java:1177)
	at org.testng.internal.TestMethodWorker.invokeTestMethods(TestMethodWorker.java:129)
	at org.testng.internal.TestMethodWorker.run(TestMethodWorker.java:112)
	at org.testng.TestRunner.privateRun(TestRunner.java:756)
	at org.testng.TestRunner.run(TestRunner.java:610)
	at org.testng.SuiteRunner.runTest(SuiteRunner.java:387)
	at org.testng.SuiteRunner.runSequentially(SuiteRunner.java:382)
	at org.testng.SuiteRunner.privateRun(SuiteRunner.java:340)
	at org.testng.SuiteRunner.run(SuiteRunner.java:289)
	at org.testng.SuiteRunnerWorker.runSuite(SuiteRunnerWorker.java:52)
	at org.testng.SuiteRunnerWorker.run(SuiteRunnerWorker.java:86)
	at org.testng.TestNG.runSuitesSequentially(TestNG.java:1293)
	at org.testng.TestNG.runSuitesLocally(TestNG.java:1218)
	at org.testng.TestNG.runSuites(TestNG.java:1133)
	at org.testng.TestNG.run(TestNG.java:1104)
	at org.testng.remote.AbstractRemoteTestNG.run(AbstractRemoteTestNG.java:132)
	at org.testng.remote.RemoteTestNG.initAndRun(RemoteTestNG.java:230)
	at org.testng.remote.RemoteTestNG.main(RemoteTestNG.java:76)
]]>
    </error>
  </testcase> <!-- ZoneTest -->
  <testcase name="FindParkingNavTest" time="18.942" classname="Tests.FindParkingPageTests"/>
</testsuite> <!-- Tests.FindParkingPageTests -->
