<?xml version="1.0" encoding="UTF-8"?>
<!-- Generated by org.testng.reporters.JUnitReportReporter -->
<testsuite name="Tests.MobileVerPageTests" tests="1" time="147.670" ignored="44" failures="0" timestamp="31 Aug 2017 16:14:37 GMT" skipped="0" hostname="Jamess-MacBook-Pro-2.local" errors="0">
  <testcase name="CheckMobileVerPageForExceptions" time="147.670" classname="Tests.MobileVerPageTests"/>
  <testcase name="tearDownAppium" classname="Tests.AbstractBaseTests.TestBase">
    <skipped/>
  </testcase> <!-- tearDownAppium -->
  <testcase name="tearDownAppium" classname="Tests.AbstractBaseTests.TestBase">
    <skipped/>
  </testcase> <!-- tearDownAppium -->
  <testcase name="tearDownAppium" classname="Tests.AbstractBaseTests.TestBase">
    <skipped/>
  </testcase> <!-- tearDownAppium -->
  <testcase name="tearDownAppium" classname="Tests.AbstractBaseTests.TestBase">
    <skipped/>
  </testcase> <!-- tearDownAppium -->
  <testcase name="tearDownAppium" classname="Tests.AbstractBaseTests.TestBase">
    <skipped/>
  </testcase> <!-- tearDownAppium -->
  <testcase name="tearDownAppium" classname="Tests.AbstractBaseTests.TestBase">
    <skipped/>
  </testcase> <!-- tearDownAppium -->
  <testcase name="tearDownAppium" classname="Tests.AbstractBaseTests.TestBase">
    <skipped/>
  </testcase> <!-- tearDownAppium -->
  <testcase name="tearDownAppium" classname="Tests.AbstractBaseTests.TestBase">
    <skipped/>
  </testcase> <!-- tearDownAppium -->
  <testcase name="tearDownAppium" classname="Tests.AbstractBaseTests.TestBase">
    <skipped/>
  </testcase> <!-- tearDownAppium -->
  <testcase name="tearDownAppium" classname="Tests.AbstractBaseTests.TestBase">
    <skipped/>
  </testcase> <!-- tearDownAppium -->
  <testcase name="tearDownAppium" classname="Tests.AbstractBaseTests.TestBase">
    <skipped/>
  </testcase> <!-- tearDownAppium -->
  <testcase name="tearDownAppium" classname="Tests.AbstractBaseTests.TestBase">
    <skipped/>
  </testcase> <!-- tearDownAppium -->
  <testcase name="tearDownAppium" classname="Tests.AbstractBaseTests.TestBase">
    <skipped/>
  </testcase> <!-- tearDownAppium -->
  <testcase name="tearDownAppium" classname="Tests.AbstractBaseTests.TestBase">
    <skipped/>
  </testcase> <!-- tearDownAppium -->
  <testcase name="tearDownAppium" classname="Tests.AbstractBaseTests.TestBase">
    <skipped/>
  </testcase> <!-- tearDownAppium -->
  <testcase name="tearDownAppium" classname="Tests.AbstractBaseTests.TestBase">
    <skipped/>
  </testcase> <!-- tearDownAppium -->
  <testcase name="tearDownAppium" classname="Tests.AbstractBaseTests.TestBase">
    <skipped/>
  </testcase> <!-- tearDownAppium -->
  <testcase name="tearDownAppium" classname="Tests.AbstractBaseTests.TestBase">
    <skipped/>
  </testcase> <!-- tearDownAppium -->
  <testcase name="tearDownAppium" classname="Tests.AbstractBaseTests.TestBase">
    <skipped/>
  </testcase> <!-- tearDownAppium -->
  <testcase name="tearDownAppium" classname="Tests.AbstractBaseTests.TestBase">
    <skipped/>
  </testcase> <!-- tearDownAppium -->
  <testcase name="tearDownAppium" classname="Tests.AbstractBaseTests.TestBase">
    <skipped/>
  </testcase> <!-- tearDownAppium -->
  <testcase name="tearDownAppium" classname="Tests.AbstractBaseTests.TestBase">
    <skipped/>
  </testcase> <!-- tearDownAppium -->
  <testcase name="initAppium" classname="Tests.AbstractBaseTests.TestBase">
    <skipped/>
  </testcase> <!-- initAppium -->
  <testcase name="initAppium" classname="Tests.AbstractBaseTests.TestBase">
    <skipped/>
  </testcase> <!-- initAppium -->
  <testcase name="initAppium" classname="Tests.AbstractBaseTests.TestBase">
    <skipped/>
  </testcase> <!-- initAppium -->
  <testcase name="initAppium" classname="Tests.AbstractBaseTests.TestBase">
    <skipped/>
  </testcase> <!-- initAppium -->
  <testcase name="initAppium" classname="Tests.AbstractBaseTests.TestBase">
    <skipped/>
  </testcase> <!-- initAppium -->
  <testcase name="initAppium" classname="Tests.AbstractBaseTests.TestBase">
    <skipped/>
  </testcase> <!-- initAppium -->
  <testcase name="initAppium" classname="Tests.AbstractBaseTests.TestBase">
    <skipped/>
  </testcase> <!-- initAppium -->
  <testcase name="initAppium" classname="Tests.AbstractBaseTests.TestBase">
    <skipped/>
  </testcase> <!-- initAppium -->
  <testcase name="initAppium" classname="Tests.AbstractBaseTests.TestBase">
    <skipped/>
  </testcase> <!-- initAppium -->
  <testcase name="initAppium" classname="Tests.AbstractBaseTests.TestBase">
    <skipped/>
  </testcase> <!-- initAppium -->
  <testcase name="initAppium" classname="Tests.AbstractBaseTests.TestBase">
    <skipped/>
  </testcase> <!-- initAppium -->
  <testcase name="initAppium" classname="Tests.AbstractBaseTests.TestBase">
    <skipped/>
  </testcase> <!-- initAppium -->
  <testcase name="initAppium" classname="Tests.AbstractBaseTests.TestBase">
    <skipped/>
  </testcase> <!-- initAppium -->
  <testcase name="initAppium" classname="Tests.AbstractBaseTests.TestBase">
    <skipped/>
  </testcase> <!-- initAppium -->
  <testcase name="initAppium" classname="Tests.AbstractBaseTests.TestBase">
    <skipped/>
  </testcase> <!-- initAppium -->
  <testcase name="initAppium" classname="Tests.AbstractBaseTests.TestBase">
    <skipped/>
  </testcase> <!-- initAppium -->
  <testcase name="initAppium" classname="Tests.AbstractBaseTests.TestBase">
    <skipped/>
  </testcase> <!-- initAppium -->
  <testcase name="initAppium" classname="Tests.AbstractBaseTests.TestBase">
    <skipped/>
  </testcase> <!-- initAppium -->
  <testcase name="initAppium" classname="Tests.AbstractBaseTests.TestBase">
    <skipped/>
  </testcase> <!-- initAppium -->
  <testcase name="initAppium" classname="Tests.AbstractBaseTests.TestBase">
    <skipped/>
  </testcase> <!-- initAppium -->
  <testcase name="initAppium" classname="Tests.AbstractBaseTests.TestBase">
    <skipped/>
  </testcase> <!-- initAppium -->
  <testcase name="initAppium" classname="Tests.AbstractBaseTests.TestBase">
    <skipped/>
  </testcase> <!-- initAppium -->
</testsuite> <!-- Tests.MobileVerPageTests -->
