<?xml version="1.0" encoding="UTF-8"?>
<!-- Generated by org.testng.reporters.JUnitReportReporter -->
<testsuite name="Tests.VehicleDetailPageTests" tests="1" time="184.317" ignored="0" failures="0" timestamp="31 Aug 2017 16:18:49 GMT" skipped="0" hostname="Jamess-MacBook-Pro-2.local" errors="0">
  <testcase name="CheckVehicleDetailPageForExceptions" time="184.317" classname="Tests.VehicleDetailPageTests"/>
</testsuite> <!-- Tests.VehicleDetailPageTests -->
