<?xml version="1.0" encoding="UTF-8"?>
<!-- Generated by org.testng.reporters.JUnitReportReporter -->
<testsuite name="Tests.MobileVerPageTests" tests="2" time="198.543" ignored="16" failures="0" timestamp="21 Jul 2017 20:55:32 GMT" skipped="0" hostname="Jamess-MacBook-Pro-2.local" errors="0">
  <testcase name="CheckMobileVerPageForExceptions" time="113.439" classname="Tests.MobileVerPageTests"/>
  <testcase name="InputTests" time="85.104" classname="Tests.MobileVerPageTests"/>
  <testcase name="tearDownAppium" classname="Tests.AbstractBaseTests.TestBase">
    <skipped/>
  </testcase> <!-- tearDownAppium -->
  <testcase name="tearDownAppium" classname="Tests.AbstractBaseTests.TestBase">
    <skipped/>
  </testcase> <!-- tearDownAppium -->
  <testcase name="tearDownAppium" classname="Tests.AbstractBaseTests.TestBase">
    <skipped/>
  </testcase> <!-- tearDownAppium -->
  <testcase name="tearDownAppium" classname="Tests.AbstractBaseTests.TestBase">
    <skipped/>
  </testcase> <!-- tearDownAppium -->
  <testcase name="tearDownAppium" classname="Tests.AbstractBaseTests.TestBase">
    <skipped/>
  </testcase> <!-- tearDownAppium -->
  <testcase name="tearDownAppium" classname="Tests.AbstractBaseTests.TestBase">
    <skipped/>
  </testcase> <!-- tearDownAppium -->
  <testcase name="tearDownAppium" classname="Tests.AbstractBaseTests.TestBase">
    <skipped/>
  </testcase> <!-- tearDownAppium -->
  <testcase name="tearDownAppium" classname="Tests.AbstractBaseTests.TestBase">
    <skipped/>
  </testcase> <!-- tearDownAppium -->
  <testcase name="initAppium" classname="Tests.AbstractBaseTests.TestBase">
    <skipped/>
  </testcase> <!-- initAppium -->
  <testcase name="initAppium" classname="Tests.AbstractBaseTests.TestBase">
    <skipped/>
  </testcase> <!-- initAppium -->
  <testcase name="initAppium" classname="Tests.AbstractBaseTests.TestBase">
    <skipped/>
  </testcase> <!-- initAppium -->
  <testcase name="initAppium" classname="Tests.AbstractBaseTests.TestBase">
    <skipped/>
  </testcase> <!-- initAppium -->
  <testcase name="initAppium" classname="Tests.AbstractBaseTests.TestBase">
    <skipped/>
  </testcase> <!-- initAppium -->
  <testcase name="initAppium" classname="Tests.AbstractBaseTests.TestBase">
    <skipped/>
  </testcase> <!-- initAppium -->
  <testcase name="initAppium" classname="Tests.AbstractBaseTests.TestBase">
    <skipped/>
  </testcase> <!-- initAppium -->
  <testcase name="initAppium" classname="Tests.AbstractBaseTests.TestBase">
    <skipped/>
  </testcase> <!-- initAppium -->
</testsuite> <!-- Tests.MobileVerPageTests -->
