<?xml version="1.0" encoding="UTF-8"?>
<!-- Generated by org.testng.reporters.JUnitReportReporter -->
<testsuite name="Tests.SignUpPageTests" tests="3" time="44.495" ignored="0" failures="0" timestamp="18 Jul 2017 17:49:52 GMT" skipped="0" hostname="QMs-MacBook-Pro" errors="0">
  <testcase name="AcceptTermsTest" time="11.692" classname="Tests.SignUpPageTests"/>
  <testcase name="DeclineTermsTest" time="9.714" classname="Tests.SignUpPageTests"/>
  <testcase name="CheckSigninPageForExceptions" time="23.089" classname="Tests.SignUpPageTests"/>
</testsuite> <!-- Tests.SignUpPageTests -->
