<?xml version="1.0" encoding="UTF-8"?>
<!-- Generated by org.testng.reporters.JUnitReportReporter -->
<testsuite name="Tests.FindParkingPageTests" tests="5" time="73.699" ignored="2" failures="0" timestamp="29 Jul 2017 18:30:07 GMT" skipped="0" hostname="QMs-MacBook-Pro" errors="0">
  <testcase name="FindParkingNavTest" time="10.856" classname="Tests.FindParkingPageTests"/>
  <testcase name="ZoneTest" time="19.995" classname="Tests.FindParkingPageTests"/>
  <testcase name="CheckFindParkingForExceptions" time="17.903" classname="Tests.FindParkingPageTests"/>
  <testcase name="NumericValueZoneTest" time="12.624" classname="Tests.FindParkingPageTests"/>
  <testcase name="ZoneTest2" time="12.321" classname="Tests.FindParkingPageTests"/>
  <testcase name="tearDownAppium" classname="Tests.AbstractBaseTests.TestBase">
    <skipped/>
  </testcase> <!-- tearDownAppium -->
  <testcase name="initAppium" classname="Tests.AbstractBaseTests.TestBase">
    <skipped/>
  </testcase> <!-- initAppium -->
</testsuite> <!-- Tests.FindParkingPageTests -->
