<?xml version="1.0" encoding="UTF-8"?>
<!-- Generated by org.testng.reporters.JUnitReportReporter -->
<testsuite name="Tests.LandingPageTests" tests="2" time="31.893" ignored="0" failures="0" timestamp="18 Jul 2017 20:27:11 GMT" skipped="0" hostname="QMs-MacBook-Pro" errors="0">
  <testcase name="checkLandingPageForExceptions" time="7.560" classname="Tests.LandingPageTests"/>
  <testcase name="EnterLocationOrPayToParkCodeTest" time="24.333" classname="Tests.LandingPageTests"/>
</testsuite> <!-- Tests.LandingPageTests -->
