<?xml version="1.0" encoding="UTF-8"?>
<!-- Generated by org.testng.reporters.JUnitReportReporter -->
<testsuite name="Tests.ProfilePageTests" tests="1" time="142.024" ignored="2" failures="0" timestamp="29 Sep 2017 14:40:37 GMT" skipped="0" hostname="QMs-MacBook-Pro.sc.rr.com" errors="0">
  <testcase name="CheckProfilePageForExceptions" time="142.024" classname="Tests.ProfilePageTests"/>
  <testcase name="tearDownAppium" classname="Tests.AbstractBaseTests.TestBase">
    <skipped/>
  </testcase> <!-- tearDownAppium -->
  <testcase name="initAppium" classname="Tests.AbstractBaseTests.TestBase">
    <skipped/>
  </testcase> <!-- initAppium -->
</testsuite> <!-- Tests.ProfilePageTests -->
