<?xml version="1.0" encoding="UTF-8"?>
<!-- Generated by org.testng.reporters.JUnitReportReporter -->
<testsuite name="Tests.UpdateProfPageTests" tests="2" time="244.203" ignored="0" failures="0" timestamp="27 Jul 2017 22:00:34 GMT" skipped="0" hostname="QMs-MacBook-Pro" errors="0">
  <testcase name="UpdateProfNavTest" time="60.393" classname="Tests.UpdateProfPageTests"/>
  <testcase name="CheckUpdateProfForExceptions" time="183.810" classname="Tests.UpdateProfPageTests"/>
</testsuite> <!-- Tests.UpdateProfPageTests -->
