<?xml version="1.0" encoding="UTF-8"?>
<!-- Generated by org.testng.reporters.JUnitReportReporter -->
<testsuite name="Tests.FindParkingPageTests" tests="2" time="43.397" ignored="0" failures="0" timestamp="18 Jul 2017 16:36:52 GMT" skipped="0" hostname="QMs-MacBook-Pro" errors="0">
  <testcase name="FindParkingNavTest" time="18.039" classname="Tests.FindParkingPageTests"/>
  <testcase name="CheckFindParkingForExceptions" time="25.358" classname="Tests.FindParkingPageTests"/>
</testsuite> <!-- Tests.FindParkingPageTests -->
