<?xml version="1.0" encoding="UTF-8"?>
<!-- Generated by org.testng.reporters.JUnitReportReporter -->
<testsuite name="Tests.MobileVerPageTests" tests="2" time="171.091" ignored="36" failures="0" timestamp="04 Aug 2017 20:21:51 GMT" skipped="0" hostname="Jamess-MacBook-Pro-2.local" errors="0">
  <testcase name="CheckMobileVerPageForExceptions" time="32.467" classname="Tests.MobileVerPageTests"/>
  <testcase name="InputTests" time="138.624" classname="Tests.MobileVerPageTests"/>
  <testcase name="tearDownAppium" classname="Tests.AbstractBaseTests.TestBase">
    <skipped/>
  </testcase> <!-- tearDownAppium -->
  <testcase name="tearDownAppium" classname="Tests.AbstractBaseTests.TestBase">
    <skipped/>
  </testcase> <!-- tearDownAppium -->
  <testcase name="tearDownAppium" classname="Tests.AbstractBaseTests.TestBase">
    <skipped/>
  </testcase> <!-- tearDownAppium -->
  <testcase name="tearDownAppium" classname="Tests.AbstractBaseTests.TestBase">
    <skipped/>
  </testcase> <!-- tearDownAppium -->
  <testcase name="tearDownAppium" classname="Tests.AbstractBaseTests.TestBase">
    <skipped/>
  </testcase> <!-- tearDownAppium -->
  <testcase name="tearDownAppium" classname="Tests.AbstractBaseTests.TestBase">
    <skipped/>
  </testcase> <!-- tearDownAppium -->
  <testcase name="tearDownAppium" classname="Tests.AbstractBaseTests.TestBase">
    <skipped/>
  </testcase> <!-- tearDownAppium -->
  <testcase name="tearDownAppium" classname="Tests.AbstractBaseTests.TestBase">
    <skipped/>
  </testcase> <!-- tearDownAppium -->
  <testcase name="tearDownAppium" classname="Tests.AbstractBaseTests.TestBase">
    <skipped/>
  </testcase> <!-- tearDownAppium -->
  <testcase name="tearDownAppium" classname="Tests.AbstractBaseTests.TestBase">
    <skipped/>
  </testcase> <!-- tearDownAppium -->
  <testcase name="tearDownAppium" classname="Tests.AbstractBaseTests.TestBase">
    <skipped/>
  </testcase> <!-- tearDownAppium -->
  <testcase name="tearDownAppium" classname="Tests.AbstractBaseTests.TestBase">
    <skipped/>
  </testcase> <!-- tearDownAppium -->
  <testcase name="tearDownAppium" classname="Tests.AbstractBaseTests.TestBase">
    <skipped/>
  </testcase> <!-- tearDownAppium -->
  <testcase name="tearDownAppium" classname="Tests.AbstractBaseTests.TestBase">
    <skipped/>
  </testcase> <!-- tearDownAppium -->
  <testcase name="tearDownAppium" classname="Tests.AbstractBaseTests.TestBase">
    <skipped/>
  </testcase> <!-- tearDownAppium -->
  <testcase name="tearDownAppium" classname="Tests.AbstractBaseTests.TestBase">
    <skipped/>
  </testcase> <!-- tearDownAppium -->
  <testcase name="tearDownAppium" classname="Tests.AbstractBaseTests.TestBase">
    <skipped/>
  </testcase> <!-- tearDownAppium -->
  <testcase name="tearDownAppium" classname="Tests.AbstractBaseTests.TestBase">
    <skipped/>
  </testcase> <!-- tearDownAppium -->
  <testcase name="initAppium" classname="Tests.AbstractBaseTests.TestBase">
    <skipped/>
  </testcase> <!-- initAppium -->
  <testcase name="initAppium" classname="Tests.AbstractBaseTests.TestBase">
    <skipped/>
  </testcase> <!-- initAppium -->
  <testcase name="initAppium" classname="Tests.AbstractBaseTests.TestBase">
    <skipped/>
  </testcase> <!-- initAppium -->
  <testcase name="initAppium" classname="Tests.AbstractBaseTests.TestBase">
    <skipped/>
  </testcase> <!-- initAppium -->
  <testcase name="initAppium" classname="Tests.AbstractBaseTests.TestBase">
    <skipped/>
  </testcase> <!-- initAppium -->
  <testcase name="initAppium" classname="Tests.AbstractBaseTests.TestBase">
    <skipped/>
  </testcase> <!-- initAppium -->
  <testcase name="initAppium" classname="Tests.AbstractBaseTests.TestBase">
    <skipped/>
  </testcase> <!-- initAppium -->
  <testcase name="initAppium" classname="Tests.AbstractBaseTests.TestBase">
    <skipped/>
  </testcase> <!-- initAppium -->
  <testcase name="initAppium" classname="Tests.AbstractBaseTests.TestBase">
    <skipped/>
  </testcase> <!-- initAppium -->
  <testcase name="initAppium" classname="Tests.AbstractBaseTests.TestBase">
    <skipped/>
  </testcase> <!-- initAppium -->
  <testcase name="initAppium" classname="Tests.AbstractBaseTests.TestBase">
    <skipped/>
  </testcase> <!-- initAppium -->
  <testcase name="initAppium" classname="Tests.AbstractBaseTests.TestBase">
    <skipped/>
  </testcase> <!-- initAppium -->
  <testcase name="initAppium" classname="Tests.AbstractBaseTests.TestBase">
    <skipped/>
  </testcase> <!-- initAppium -->
  <testcase name="initAppium" classname="Tests.AbstractBaseTests.TestBase">
    <skipped/>
  </testcase> <!-- initAppium -->
  <testcase name="initAppium" classname="Tests.AbstractBaseTests.TestBase">
    <skipped/>
  </testcase> <!-- initAppium -->
  <testcase name="initAppium" classname="Tests.AbstractBaseTests.TestBase">
    <skipped/>
  </testcase> <!-- initAppium -->
  <testcase name="initAppium" classname="Tests.AbstractBaseTests.TestBase">
    <skipped/>
  </testcase> <!-- initAppium -->
  <testcase name="initAppium" classname="Tests.AbstractBaseTests.TestBase">
    <skipped/>
  </testcase> <!-- initAppium -->
</testsuite> <!-- Tests.MobileVerPageTests -->
