<?xml version="1.0" encoding="UTF-8"?>
<!-- Generated by org.testng.reporters.JUnitReportReporter -->
<testsuite name="Tests.VehiclesPageTests" tests="1" time="73.867" ignored="0" failures="0" timestamp="02 Aug 2017 16:53:12 GMT" skipped="0" hostname="Jamess-MacBook-Pro-2.local" errors="0">
  <testcase name="CheckVehiclesPageForExceptions" time="73.867" classname="Tests.VehiclesPageTests"/>
</testsuite> <!-- Tests.VehiclesPageTests -->
