<?xml version="1.0" encoding="UTF-8"?>
<!-- Generated by org.testng.reporters.JUnitReportReporter -->
<testsuite name="Tests.HelpPageTests" tests="3" time="0.000" ignored="4" failures="0" timestamp="03 Aug 2017 18:22:19 GMT" skipped="3" hostname="QMs-MacBook-Pro" errors="0">
  <testcase name="CloseHelpTest" time="0.000" classname="Tests.HelpPageTests">
    <skipped/>
  </testcase> <!-- CloseHelpTest -->
  <testcase name="HelpNavTest" time="0.000" classname="Tests.HelpPageTests">
    <skipped/>
  </testcase> <!-- HelpNavTest -->
  <testcase name="TutorialSwipeTest" time="0.000" classname="Tests.HelpPageTests">
    <skipped/>
  </testcase> <!-- TutorialSwipeTest -->
  <testcase name="tearDownAppium" classname="Tests.AbstractBaseTests.TestBase">
    <skipped/>
  </testcase> <!-- tearDownAppium -->
  <testcase name="tearDownAppium" classname="Tests.AbstractBaseTests.TestBase">
    <skipped/>
  </testcase> <!-- tearDownAppium -->
  <testcase name="initAppium" classname="Tests.AbstractBaseTests.TestBase">
    <skipped/>
  </testcase> <!-- initAppium -->
  <testcase name="initAppium" classname="Tests.AbstractBaseTests.TestBase">
    <skipped/>
  </testcase> <!-- initAppium -->
</testsuite> <!-- Tests.HelpPageTests -->
