<?xml version="1.0" encoding="UTF-8"?>
<!-- Generated by org.testng.reporters.JUnitReportReporter -->
<testsuite name="Tests.CodeVerificationPageTests" tests="2" time="113.473" ignored="2" failures="0" timestamp="25 Jul 2017 21:19:45 GMT" skipped="0" hostname="QMs-MacBook-Pro" errors="0">
  <testcase name="ValidInputTests" time="73.591" classname="Tests.CodeVerificationPageTests"/>
  <testcase name="NavBackandBlankInputTests" time="39.882" classname="Tests.CodeVerificationPageTests"/>
  <testcase name="tearDownAppium" classname="Tests.AbstractBaseTests.TestBase">
    <skipped/>
  </testcase> <!-- tearDownAppium -->
  <testcase name="initAppium" classname="Tests.AbstractBaseTests.TestBase">
    <skipped/>
  </testcase> <!-- initAppium -->
</testsuite> <!-- Tests.CodeVerificationPageTests -->
