<?xml version="1.0" encoding="UTF-8"?>
<!-- Generated by org.testng.reporters.JUnitReportReporter -->
<testsuite name="Tests.SendBugReportPageTest" tests="2" time="46.946" ignored="0" failures="0" timestamp="13 Jul 2017 16:07:00 GMT" skipped="0" hostname="QMs-MacBook-Pro" errors="0">
  <testcase name="CheckBugForExceptions" time="22.951" classname="Tests.SendBugReportPageTest"/>
  <testcase name="EmptyBugTest" time="23.995" classname="Tests.SendBugReportPageTest"/>
</testsuite> <!-- Tests.SendBugReportPageTest -->
