<?xml version="1.0" encoding="UTF-8"?>
<!-- Generated by org.testng.reporters.JUnitReportReporter -->
<testsuite name="Tests.FavoritesPageTests" tests="1" time="16.274" ignored="0" failures="0" timestamp="13 Jul 2017 18:43:58 GMT" skipped="0" hostname="QMs-MacBook-Pro" errors="0">
  <testcase name="FavoritesTest" time="16.274" classname="Tests.FavoritesPageTests"/>
</testsuite> <!-- Tests.FavoritesPageTests -->
